Start time: 15:18:54 on Jan 31,2025
qverilog dual_xtn.sv 
-- Compiling package trans_pkg
-- Compiling package dual_xtn_sv_unit
-- Importing package trans_pkg
-- Compiling module test

Top level modules:
	test
# vsim -lib work work.dual_xtn_sv_unit work.test -c -do "run -all; quit -f" -appendlog -l qverilog.log -vopt 
# ** Note: (vsim-3813) Design is being optimized due to module recompilation...
# //  Questa Sim-64
# //  Version 2021.2_1 linux_x86_64 May 15 2021
# //
# //  Copyright 1991-2021 Mentor Graphics Corporation
# //  All Rights Reserved.
# //
# //  QuestaSim and its associated documentation contain trade
# //  secrets and commercial or financial information that are the property of
# //  Mentor Graphics Corporation and are privileged, confidential,
# //  and exempt from disclosure under the Freedom of Information Act,
# //  5 U.S.C. Section 552. Furthermore, this information
# //  is prohibited from disclosure under the Trade Secrets Act,
# //  18 U.S.C. Section 1905.
# //
# Loading sv_std.std
# Loading work.trans_pkg(fast)
# Loading work.dual_xtn_sv_unit(fast)
# Loading work.test(fast)
# run -all
# ============================================================
# 
# we=0
# en=0
# din=57857
# addr= 95
# douta=    0
# doutb=    0
# PORT=PORTB,OP=NONE
# ============================================================
# 
# ============================================================
# 
# we=0
# en=1
# din=41888
# addr= 62
# douta=    0
# doutb=    0
# PORT=PORTA,OP=READ
# ============================================================
# 
# ============================================================
# 
# we=0
# en=0
# din=19161
# addr=153
# douta=    0
# doutb=    0
# PORT=PORTA,OP=NONE
# ============================================================
# 
# ============================================================
# 
# we=1
# en=1
# din=58522
# addr=116
# douta=    0
# doutb=    0
# PORT=PORTA,OP=WRITE
# ============================================================
# 
# ============================================================
# 
# we=0
# en=0
# din=41955
# addr=215
# douta=    0
# doutb=    0
# PORT=PORTA,OP=NONE
# ============================================================
# 
# ============================================================
# 
# we=0
# en=0
# din=15901
# addr=182
# douta=    0
# doutb=    0
# PORT=PORTB,OP=NONE
# ============================================================
# 
# ============================================================
# 
# we=1
# en=1
# din=57396
# addr=109
# douta=    0
# doutb=    0
# PORT=PORTA,OP=WRITE
# ============================================================
# 
# ============================================================
# 
# we=0
# en=0
# din=60371
# addr=204
# douta=    0
# doutb=    0
# PORT=PORTA,OP=NONE
# ============================================================
# 
# ============================================================
# 
# we=1
# en=1
# din=54183
# addr=175
# douta=    0
# doutb=    0
# PORT=PORTA,OP=WRITE
# ============================================================
# 
# ============================================================
# 
# we=1
# en=1
# din=16780
# addr= 26
# douta=    0
# doutb=    0
# PORT=PORTA,OP=WRITE
# ============================================================
# 
#  quit -f
# End time: 15:18:57 on Jan 31,2025, Elapsed time: 0:00:03
# Errors: 0, Warnings: 0
